Using pre-set license
Built from '2020.3/staging' branch; Version is '2020.3.21f1 (a38c86f6690f) revision 10718342'; Using compiler version '192528614'; Build Type 'Release'
OS: 'Windows 10 Home; OS build 19043.1348; Version 2009; 64bit' Language: 'en' Physical Memory: 16262 MB
BatchMode: 1, IsHumanControllingUs: 0, StartBugReporterOnCrash: 0, Is64bit: 1, IsPro: 0

COMMAND LINE ARGUMENTS:
C:\Program Files\Unity\Hub\Editor\2020.3.21f1\Editor\Unity.exe
-adb2
-batchMode
-noUpm
-name
AssetImportWorker0
-projectPath
C:/Users/Purple Camel/Documents/GitHub/Christmas Chomper
-logFile
Logs/AssetImportWorker0.log
-srvPort
54622
Successfully changed project path to: C:/Users/Purple Camel/Documents/GitHub/Christmas Chomper
C:/Users/Purple Camel/Documents/GitHub/Christmas Chomper
Using Asset Import Pipeline V2.
Refreshing native plugins compatible for Editor in 81.11 ms, found 3 plugins.
Preloading 0 native plugins for Editor in 0.00 ms.
Initialize engine version: 2020.3.21f1 (a38c86f6690f)
[Subsystems] Discovering subsystems at path C:/Program Files/Unity/Hub/Editor/2020.3.21f1/Editor/Data/Resources/UnitySubsystems
[Subsystems] Discovering subsystems at path C:/Users/Purple Camel/Documents/GitHub/Christmas Chomper/Assets
GfxDevice: creating device client; threaded=0
Direct3D:
    Version:  Direct3D 11.0 [level 11.1]
    Renderer: NVIDIA GeForce GTX 1050 (ID=0x1c8d)
    Vendor:   
    VRAM:     4019 MB
    Driver:   27.21.14.6280
Initialize mono
Mono path[0] = 'C:/Program Files/Unity/Hub/Editor/2020.3.21f1/Editor/Data/Managed'
Mono path[1] = 'C:/Program Files/Unity/Hub/Editor/2020.3.21f1/Editor/Data/MonoBleedingEdge/lib/mono/unityjit'
Mono config path = 'C:/Program Files/Unity/Hub/Editor/2020.3.21f1/Editor/Data/MonoBleedingEdge/etc'
Using monoOptions --debugger-agent=transport=dt_socket,embedding=1,server=y,suspend=n,address=127.0.0.1:56860
Begin MonoManager ReloadAssembly
Registering precompiled unity dll's ...
Register platform support module: C:/Program Files/Unity/Hub/Editor/2020.3.21f1/Editor/Data/PlaybackEngines/MacStandaloneSupport/UnityEditor.OSXStandalone.Extensions.dll
Register platform support module: C:/Program Files/Unity/Hub/Editor/2020.3.21f1/Editor/Data/PlaybackEngines/WindowsStandaloneSupport/UnityEditor.WindowsStandalone.Extensions.dll
Register platform support module: C:/Program Files/Unity/Hub/Editor/2020.3.21f1/Editor/Data/PlaybackEngines/LinuxStandaloneSupport/UnityEditor.LinuxStandalone.Extensions.dll
Registered in 0.002785 seconds.
Native extension for LinuxStandalone target not found
Native extension for WindowsStandalone target not found
Native extension for OSXStandalone target not found
Refreshing native plugins compatible for Editor in 132.11 ms, found 3 plugins.
Preloading 0 native plugins for Editor in 0.00 ms.
Mono: successfully reloaded assembly
- Completed reload, in  1.597 seconds
Domain Reload Profiling:
	ReloadAssembly (1597ms)
		BeginReloadAssembly (70ms)
			ExecutionOrderSort (0ms)
			DisableScriptedObjects (0ms)
			BackupInstance (0ms)
			ReleaseScriptingObjects (0ms)
			CreateAndSetChildDomain (1ms)
		EndReloadAssembly (666ms)
			LoadAssemblies (68ms)
			RebuildTransferFunctionScriptingTraits (0ms)
			SetupTypeCache (208ms)
			ReleaseScriptCaches (0ms)
			RebuildScriptCaches (39ms)
			SetupLoadedEditorAssemblies (297ms)
				LogAssemblyErrors (0ms)
				InitializePlatformSupportModulesInManaged (8ms)
				SetLoadedEditorAssemblies (0ms)
				RefreshPlugins (132ms)
				BeforeProcessingInitializeOnLoad (16ms)
				ProcessInitializeOnLoadAttributes (109ms)
				ProcessInitializeOnLoadMethodAttributes (32ms)
				AfterProcessingInitializeOnLoad (0ms)
				EditorAssembliesLoaded (0ms)
			ExecutionOrderSort2 (0ms)
			AwakeInstancesAfterBackupRestoration (0ms)
Platform modules already initialized, skipping
Registering precompiled user dll's ...
Registered in 0.007300 seconds.
Begin MonoManager ReloadAssembly
Native extension for LinuxStandalone target not found
Native extension for WindowsStandalone target not found
Native extension for OSXStandalone target not found
Refreshing native plugins compatible for Editor in 81.09 ms, found 3 plugins.
Preloading 0 native plugins for Editor in 0.00 ms.
Mono: successfully reloaded assembly
- Completed reload, in  1.539 seconds
Domain Reload Profiling:
	ReloadAssembly (1540ms)
		BeginReloadAssembly (173ms)
			ExecutionOrderSort (0ms)
			DisableScriptedObjects (5ms)
			BackupInstance (0ms)
			ReleaseScriptingObjects (0ms)
			CreateAndSetChildDomain (23ms)
		EndReloadAssembly (1276ms)
			LoadAssemblies (120ms)
			RebuildTransferFunctionScriptingTraits (0ms)
			SetupTypeCache (420ms)
			ReleaseScriptCaches (1ms)
			RebuildScriptCaches (74ms)
			SetupLoadedEditorAssemblies (509ms)
				LogAssemblyErrors (0ms)
				InitializePlatformSupportModulesInManaged (8ms)
				SetLoadedEditorAssemblies (0ms)
				RefreshPlugins (81ms)
				BeforeProcessingInitializeOnLoad (129ms)
				ProcessInitializeOnLoadAttributes (263ms)
				ProcessInitializeOnLoadMethodAttributes (21ms)
				AfterProcessingInitializeOnLoad (7ms)
				EditorAssembliesLoaded (0ms)
			ExecutionOrderSort2 (0ms)
			AwakeInstancesAfterBackupRestoration (9ms)
Platform modules already initialized, skipping
========================================================================
Worker process is ready to serve import requests
Launched and connected shader compiler UnityShaderCompiler.exe after 0.08 seconds
Refreshing native plugins compatible for Editor in 0.75 ms, found 3 plugins.
Preloading 0 native plugins for Editor in 0.00 ms.
Unloading 3400 Unused Serialized files (Serialized files now loaded: 0)
System memory in use before: 146.8 MB.
System memory in use after: 147.0 MB.

Unloading 29 unused Assets to reduce memory usage. Loaded Objects now: 3834.
Total: 4.680100 ms (FindLiveObjects: 0.338200 ms CreateObjectMapping: 0.194200 ms MarkObjects: 4.005900 ms  DeleteObjects: 0.140800 ms)

AssetImportParameters requested are different than current active one (requested -> active):
  custom:framework-win-MediaFoundation: 216162199b28c13a410421893ffa2e32 -> 
  custom:video-decoder-ogg-theora: a1e56fd34408186e4bbccfd4996cb3dc -> 
  custom:container-muxer-webm: aa71ff27fc2769a1b78a27578f13a17b -> 
  custom:container-demuxer-webm: 4f35f7cbe854078d1ac9338744f61a02 -> 
  custom:container-demuxer-ogg: 62fdf1f143b41e24485cea50d1cbac27 -> 
  custom:video-encoder-webm-vp8: eb34c28f22e8b96e1ab97ce403110664 -> 
  custom:video-decoder-webm-vp8: 9c59270c3fd7afecdb556c50c9e8de78 -> 
  custom:audio-decoder-ogg-vorbis: bf7c407c2cedff20999df2af8eb42d56 -> 
  custom:audio-encoder-webm-vorbis: bf7c407c2cedff20999df2af8eb42d56 -> 
========================================================================
Received Import Request.
  path: Assets/Sprites/CandyCane.png
  artifactKey: Guid(7a3a70cd8aedf6b42af0fb1077146650) Importer(815301076,1909f56bfc062723c751e8b465ee728b)
Start importing Assets/Sprites/CandyCane.png using Guid(7a3a70cd8aedf6b42af0fb1077146650) Importer(815301076,1909f56bfc062723c751e8b465ee728b)  -> (artifact id: '6ff7ecd414883879bd2f10559703da21') in 0.152082 seconds 
  Import took 0.159215 seconds .

========================================================================
Received Import Request.
  Time since last request: 0.000391 seconds.
  path: Assets/Sprites/GingerBread.png
  artifactKey: Guid(ab15fa45fc0d43c458d4169a090a231c) Importer(815301076,1909f56bfc062723c751e8b465ee728b)
Start importing Assets/Sprites/GingerBread.png using Guid(ab15fa45fc0d43c458d4169a090a231c) Importer(815301076,1909f56bfc062723c751e8b465ee728b)  -> (artifact id: '49b134fe7a04e71f3aba0c58298d5c80') in 0.019642 seconds 
  Import took 0.028141 seconds .

========================================================================
Received Import Request.
  Time since last request: 0.000328 seconds.
  path: Assets/Sprites/Stocking.png
  artifactKey: Guid(b4e62601f90a12a48a889d6d1891b316) Importer(815301076,1909f56bfc062723c751e8b465ee728b)
Start importing Assets/Sprites/Stocking.png using Guid(b4e62601f90a12a48a889d6d1891b316) Importer(815301076,1909f56bfc062723c751e8b465ee728b)  -> (artifact id: '0851f5fc5c80593123be8bff8bf06140') in 0.017300 seconds 
  Import took 0.026127 seconds .

========================================================================
Received Import Request.
  Time since last request: 0.000364 seconds.
  path: Assets/Sprites/Present2.png
  artifactKey: Guid(cd4fa37c7aeb67941b855ddb463be937) Importer(815301076,1909f56bfc062723c751e8b465ee728b)
Start importing Assets/Sprites/Present2.png using Guid(cd4fa37c7aeb67941b855ddb463be937) Importer(815301076,1909f56bfc062723c751e8b465ee728b)  -> (artifact id: 'c052f9a2380089a58b2fd6d0a6ca2ce4') in 0.017685 seconds 
  Import took 0.025598 seconds .

========================================================================
Received Import Request.
  Time since last request: 0.000372 seconds.
  path: Assets/Sprites/Present3.png
  artifactKey: Guid(7d7b5fe72833d5c469d0c10c9222e699) Importer(815301076,1909f56bfc062723c751e8b465ee728b)
Start importing Assets/Sprites/Present3.png using Guid(7d7b5fe72833d5c469d0c10c9222e699) Importer(815301076,1909f56bfc062723c751e8b465ee728b)  -> (artifact id: '45e4f960cfeecfb4ff2ea4acb59536bf') in 0.025902 seconds 
  Import took 0.033858 seconds .

========================================================================
Received Import Request.
  Time since last request: 0.000373 seconds.
  path: Assets/Sprites/Snowman.png
  artifactKey: Guid(230999b39ffc5d0468ca502a715b1d1d) Importer(815301076,1909f56bfc062723c751e8b465ee728b)
Start importing Assets/Sprites/Snowman.png using Guid(230999b39ffc5d0468ca502a715b1d1d) Importer(815301076,1909f56bfc062723c751e8b465ee728b)  -> (artifact id: '20d20d4f919cfcf016d8a93659e40c46') in 0.019548 seconds 
  Import took 0.027808 seconds .

========================================================================
Received Import Request.
  Time since last request: 0.000333 seconds.
  path: Assets/Sprites/Present1.png
  artifactKey: Guid(ee13ecef880418742b471ff1a96cb64e) Importer(815301076,1909f56bfc062723c751e8b465ee728b)
Start importing Assets/Sprites/Present1.png using Guid(ee13ecef880418742b471ff1a96cb64e) Importer(815301076,1909f56bfc062723c751e8b465ee728b)  -> (artifact id: '4f024b674e8b807e6669553457bfe95f') in 0.020736 seconds 
  Import took 0.031324 seconds .

========================================================================
Received Import Request.
  Time since last request: 80.396507 seconds.
  path: Assets/Sprites/Wreath.png
  artifactKey: Guid(e666ff99a8f2a124ebe6737f83a1fb51) Importer(815301076,1909f56bfc062723c751e8b465ee728b)
Start importing Assets/Sprites/Wreath.png using Guid(e666ff99a8f2a124ebe6737f83a1fb51) Importer(815301076,1909f56bfc062723c751e8b465ee728b)  -> (artifact id: '5e077aa98935b87578739e8313591132') in 0.022362 seconds 
  Import took 0.031185 seconds .

========================================================================
Received Import Request.
  Time since last request: 40.603791 seconds.
  path: Assets/Sprites/Wreath.png
  artifactKey: Guid(e666ff99a8f2a124ebe6737f83a1fb51) Importer(815301076,1909f56bfc062723c751e8b465ee728b)
Start importing Assets/Sprites/Wreath.png using Guid(e666ff99a8f2a124ebe6737f83a1fb51) Importer(815301076,1909f56bfc062723c751e8b465ee728b)  -> (artifact id: '92b469f73701fccb0f679afc657ff64a') in 0.018097 seconds 
  Import took 0.027379 seconds .

========================================================================
Received Import Request.
  Time since last request: 0.000439 seconds.
  path: Assets/Sprites/Stocking.png
  artifactKey: Guid(b4e62601f90a12a48a889d6d1891b316) Importer(815301076,1909f56bfc062723c751e8b465ee728b)
Start importing Assets/Sprites/Stocking.png using Guid(b4e62601f90a12a48a889d6d1891b316) Importer(815301076,1909f56bfc062723c751e8b465ee728b)  -> (artifact id: '9d63f89156848185c7844e546085d9a5') in 0.024443 seconds 
  Import took 0.035175 seconds .

========================================================================
Received Import Request.
  Time since last request: 1.247205 seconds.
  path: Assets/Sprites/Present2.png
  artifactKey: Guid(cd4fa37c7aeb67941b855ddb463be937) Importer(815301076,1909f56bfc062723c751e8b465ee728b)
Start importing Assets/Sprites/Present2.png using Guid(cd4fa37c7aeb67941b855ddb463be937) Importer(815301076,1909f56bfc062723c751e8b465ee728b)  -> (artifact id: 'bc53f066c9ee26a6ac4af7dc3ded9a4d') in 0.023214 seconds 
  Import took 0.031306 seconds .

========================================================================
Received Import Request.
  Time since last request: 0.000371 seconds.
  path: Assets/Sprites/Present3.png
  artifactKey: Guid(7d7b5fe72833d5c469d0c10c9222e699) Importer(815301076,1909f56bfc062723c751e8b465ee728b)
Start importing Assets/Sprites/Present3.png using Guid(7d7b5fe72833d5c469d0c10c9222e699) Importer(815301076,1909f56bfc062723c751e8b465ee728b)  -> (artifact id: '0ef6747979093407342890e6359e5e68') in 0.018745 seconds 
  Import took 0.027471 seconds .

========================================================================
Received Import Request.
  Time since last request: 0.000887 seconds.
  path: Assets/Sprites/GingerBread.png
  artifactKey: Guid(ab15fa45fc0d43c458d4169a090a231c) Importer(815301076,1909f56bfc062723c751e8b465ee728b)
Start importing Assets/Sprites/GingerBread.png using Guid(ab15fa45fc0d43c458d4169a090a231c) Importer(815301076,1909f56bfc062723c751e8b465ee728b)  -> (artifact id: 'bcb7d7c2959baa6aef8649f17604b424') in 0.020620 seconds 
  Import took 0.028220 seconds .

========================================================================
Received Import Request.
  Time since last request: 0.000384 seconds.
  path: Assets/Sprites/Snowman.png
  artifactKey: Guid(230999b39ffc5d0468ca502a715b1d1d) Importer(815301076,1909f56bfc062723c751e8b465ee728b)
Start importing Assets/Sprites/Snowman.png using Guid(230999b39ffc5d0468ca502a715b1d1d) Importer(815301076,1909f56bfc062723c751e8b465ee728b)  -> (artifact id: '77a9604acf0a475a40e078e770ee55c6') in 0.020786 seconds 
  Import took 0.029314 seconds .

========================================================================
Received Import Request.
  Time since last request: 0.000280 seconds.
  path: Assets/Sprites/Present1.png
  artifactKey: Guid(ee13ecef880418742b471ff1a96cb64e) Importer(815301076,1909f56bfc062723c751e8b465ee728b)
Start importing Assets/Sprites/Present1.png using Guid(ee13ecef880418742b471ff1a96cb64e) Importer(815301076,1909f56bfc062723c751e8b465ee728b)  -> (artifact id: '4cd2d1654de0c924eeb0e7b2b4358195') in 0.020626 seconds 
  Import took 0.029249 seconds .

========================================================================
Received Import Request.
  Time since last request: 0.450502 seconds.
  path: Assets/Sprites/CandyCane.png
  artifactKey: Guid(7a3a70cd8aedf6b42af0fb1077146650) Importer(815301076,1909f56bfc062723c751e8b465ee728b)
Start importing Assets/Sprites/CandyCane.png using Guid(7a3a70cd8aedf6b42af0fb1077146650) Importer(815301076,1909f56bfc062723c751e8b465ee728b)  -> (artifact id: '230e834558b11c43e498fc9c1322e2e0') in 0.020240 seconds 
  Import took 0.027201 seconds .

AssetImportWorkerClient::OnTransportError - code=2 error=End of file
